<?xml version="1.0" encoding="UTF-8"?>
<!-- Generated by org.testng.reporters.JUnitReportReporter -->
<testsuite hostname="Vijay" failures="0" tests="5" name="vijay.parallel3" time="0.024" errors="0" timestamp="2024-03-20T17:51:18 IST" skipped="0">
  <testcase classname="vijay.parallel3" name="Test14" time="0.002"/>
  <testcase classname="vijay.parallel3" name="Test15" time="0.004"/>
  <testcase classname="vijay.parallel3" name="Test13" time="0.004"/>
  <testcase classname="vijay.parallel3" name="Test11" time="0.012"/>
  <testcase classname="vijay.parallel3" name="Test12" time="0.002"/>
</testsuite> <!-- vijay.parallel3 -->
