<?xml version="1.0" encoding="UTF-8"?>
<!-- Generated by org.testng.reporters.JUnitReportReporter -->
<testsuite hostname="Vijay" failures="0" tests="7" name="vijay.wolf2" time="0.017" errors="0" timestamp="2024-03-19T13:07:37 IST" skipped="2">
  <testcase classname="vijay.wolf2" name="openwebsite" time="0.010"/>
  <testcase classname="vijay.wolf2" name="signup" time="0.002"/>
  <testcase classname="vijay.wolf2" name="chooseDate" time="0.002"/>
  <testcase classname="vijay.wolf2" name="bookFlight" time="0.002"/>
  <testcase classname="vijay.wolf2" name="signout" time="0.001"/>
  <testcase classname="vijay.wolf2" name="saveTicket">
    <skipped/>
  </testcase> <!-- saveTicket -->
  <testcase classname="vijay.wolf2" name="login">
    <skipped/>
  </testcase> <!-- login -->
</testsuite> <!-- vijay.wolf2 -->
