<?xml version="1.0" encoding="UTF-8"?>
<!-- Generated by org.testng.reporters.JUnitReportReporter -->
<testsuite hostname="Vijay" failures="0" tests="5" name="vijay.parallel" time="0.027" errors="0" timestamp="2024-03-20T21:44:29 IST" skipped="0">
  <testcase classname="vijay.parallel" name="Test5" time="0.003"/>
  <testcase classname="vijay.parallel" name="Test1" time="0.015"/>
  <testcase classname="vijay.parallel" name="Test2" time="0.002"/>
  <testcase classname="vijay.parallel" name="Test4" time="0.005"/>
  <testcase classname="vijay.parallel" name="Test3" time="0.002"/>
</testsuite> <!-- vijay.parallel -->
