<?xml version="1.0" encoding="UTF-8"?>
<!-- Generated by org.testng.reporters.JUnitReportReporter -->
<testsuite hostname="Vijay" failures="0" tests="2" name="vijay.Testclass" time="61.064" errors="0" timestamp="2024-03-18T19:46:13 IST" skipped="0">
  <testcase classname="vijay.Testclass" name="TestOrkut" time="6.091"/>
  <testcase classname="vijay.Testclass" name="TestGoogle" time="54.973"/>
</testsuite> <!-- vijay.Testclass -->
