<?xml version="1.0" encoding="UTF-8"?>
<!-- Generated by org.testng.reporters.JUnitReportReporter -->
<testsuite hostname="Vijay" failures="0" tests="7" name="vijay.wolf" time="0.026" errors="0" timestamp="2024-03-19T13:16:26 IST" skipped="2">
  <testcase classname="vijay.wolf" name="openwebsite" time="0.014"/>
  <testcase classname="vijay.wolf" name="signup" time="0.002"/>
  <testcase classname="vijay.wolf" name="chooseDate" time="0.005"/>
  <testcase classname="vijay.wolf" name="bookFlight" time="0.002"/>
  <testcase classname="vijay.wolf" name="signout" time="0.003"/>
  <testcase classname="vijay.wolf" name="saveTicket">
    <skipped/>
  </testcase> <!-- saveTicket -->
  <testcase classname="vijay.wolf" name="login">
    <skipped/>
  </testcase> <!-- login -->
</testsuite> <!-- vijay.wolf -->
