<?xml version="1.0" encoding="UTF-8"?>
<!-- Generated by org.testng.reporters.JUnitReportReporter -->
<testsuite hostname="Vijay" failures="0" tests="5" name="vijay.parrallel2" time="0.021" errors="0" timestamp="2024-03-20T17:51:18 IST" skipped="0">
  <testcase classname="vijay.parrallel2" name="Test6" time="0.012"/>
  <testcase classname="vijay.parrallel2" name="Test9" time="0.002"/>
  <testcase classname="vijay.parrallel2" name="Test7" time="0.003"/>
  <testcase classname="vijay.parrallel2" name="Test8" time="0.003"/>
  <testcase classname="vijay.parrallel2" name="Test10" time="0.001"/>
</testsuite> <!-- vijay.parrallel2 -->
